0.008379 144
5.055437 92
0.800248 289
0.418795 6
0.003975 143
0.049281 143
0.050631 143
0.060501 10
0.001607 20
0.000047 16
0.000146 29
0.001649 20
0.000036 21
0.000154 81
0.000153 20
0.000060 21
0.000009 12
0.000207 7
0.000067 97
0.000213 157
0.000059 36
0.000057 62
0.001643 2
0.000097 15
0.000262 134
0.442667 6
0.003618 143
0.111935 144
0.055394 124
0.051823 124
0.050607 124
0.050196 124
0.021498 10
0.001793 45
0.006723 115
0.494333 6
0.007936 143
0.081160 143
0.050199 143
0.084950 124
0.070045 124
0.049622 124
0.050154 124
0.026802 10
0.002483 45
0.000094 2
0.000054 37
0.000019 30
0.001294 46
0.009898 144
3.411751 1
0.226726 1
0.181031 1
0.435957 1
0.673222 17
